CDX query: google.com/jobs/ (exact)
  29 captures
CDX query: google.com/jobs/index.html (exact)
  26 captures
CDX query: google.com/intl/en/jobs/ (exact)
  72 captures
CDX query: google.com/intl/en/jobs/index.html (exact)
  84 captures
CDX query: google.com/about/jobs/ (exact)
  24 captures
CDX query: google.com/about/careers/ (exact)
  34 captures
CDX query: google.com/about/careers/lifeatgoogle/ (exact)
  25 captures
CDX query: google.com/about/careers/applications/ (exact)
  35 captures
CDX query: careers.google.com/ (exact)
  82 captures
CDX query: careers.google.com/how-we-care-for-googlers/ (exact)
  44 captures
CDX query: careers.google.com/how-we-hire/ (exact)
  80 captures

535 captures, 360 unique by digest
Selected 88 captures across 22 years

  20050202225021 http://www.google.com/jobs/index.html (14825 bytes)
  20050401034535 http://www.google.com:80/jobs/index.html (15272 bytes)
  20050811024249 http://www.google.com:80/intl/en/jobs/ (32538 bytes)
  20051001000506 http://www.google.com:80/intl/en/jobs/index.html (33074 bytes)
  20060202035244 http://www.google.com:80/jobs/ (32818 bytes)
  20060401233300 http://www.google.com/jobs/ (34231 bytes)
  20060701050023 http://www.google.com:80/jobs/ (34172 bytes)
  20061029131252 http://www.google.com/intl/en/jobs/index.html (34863 bytes)
  20070202022857 http://www.google.com:80/jobs/ (13014 bytes)
  20070301010507 http://www.google.com:80/jobs/index.html (12407 bytes)
  20070807020821 http://www.google.com:80/intl/en/jobs/index.html (9004 bytes)
  20071001154704 http://www.google.com:80/intl/en/jobs/index.html (9992 bytes)
  20080211154331 http://www.google.com:80/intl/en/jobs/index.html (10490 bytes)
  20080410222821 http://www.google.com:80/intl/en/jobs/index.html (12688 bytes)
  20080612020455 http://www.google.com:80/intl/en/jobs/index.html? (11535 bytes)
  20081016181724 http://www.google.com/intl/en/jobs/ (11550 bytes)
  20090201095510 http://www.google.com:80/intl/en/jobs/index.html#src=youtubevideovig (8791 bytes)
  20090404224233 http://www.google.com:80/intl/en/jobs/index.html (7491 bytes)
  20090701103941 http://www.google.com/intl/en/jobs/index.html (7002 bytes)
  20091010030721 http://www.google.com:80/intl/en/jobs/index.html (6511 bytes)
  20100104051900 http://www.google.com/intl/en/jobs/index.html (6986 bytes)
  20100309171908 http://www.google.com:80/intl/en/jobs/index.html (5495 bytes)
  20100802185156 http://www.google.com:80/intl/en/jobs/index.html (8051 bytes)
  20101002142239 http://www.google.com:80/intl/en/jobs/index.html (8416 bytes)
  20110201072808 http://www.google.com:80/intl/en/jobs/index.html (27317 bytes)
  20110306090834 http://www.google.com:80/intl/en/jobs/index.html (27609 bytes)
  20110824055945 http://www.google.com/intl/en/jobs/ (18653 bytes)
  20111001003447 http://www.google.com:80/intl/en/jobs/index.html (19517 bytes)
  20120201081441 http://www.google.com/intl/en/jobs/index.html (18980 bytes)
  20120403160225 http://www.google.com/intl/en/jobs/index.html (15005 bytes)
  20120802233426 http://www.google.com/about/jobs/ (8700 bytes)
  20121001064317 http://www.google.com/about/jobs/ (8719 bytes)
  20130201234614 http://www.google.com/about/jobs/ (9193 bytes)
  20130406063735 http://www.google.com:80/about/jobs/ (9054 bytes)
  20130709073104 http://www.google.com/about/jobs/ (9078 bytes)
  20131003145553 http://www.google.com:80/about/jobs/ (9079 bytes)
  20140207223744 http://www.google.com/about/jobs/ (9220 bytes)
  20140312023300 http://www.google.com/about/careers/lifeatgoogle/ (37289 bytes)
  20140803211924 http://www.google.com/about/careers/ (10099 bytes)
  20141001161251 https://www.google.com/about/careers/ (10111 bytes)
  20150206002811 http://www.google.com:80/about/careers/ (10306 bytes)
  20150301155808 https://www.google.com/about/careers/lifeatgoogle/ (39292 bytes)
  20150803045458 https://www.google.com/about/careers/lifeatgoogle/ (37649 bytes)
  20151001224053 http://www.google.com/about/careers/ (10685 bytes)
  20160202095623 https://www.google.com/about/careers/ (10228 bytes)
  20160502220330 http://www.google.com:80/about/careers/ (27591 bytes)
  20160809084450 https://www.google.com/about/careers/ (39648 bytes)
  20161001175201 https://www.google.com/about/careers/ (43802 bytes)
  20170201230135 https://careers.google.com/ (31157 bytes)
  20170404003944 https://careers.google.com/ (30705 bytes)
  20170801065142 https://careers.google.com/how-we-hire/ (29687 bytes)
  20171001003507 https://careers.google.com/how-we-care-for-googlers/ (17920 bytes)
  20180201000603 https://careers.google.com/ (26550 bytes)
  20180401032307 https://careers.google.com/ (27624 bytes)
  20180801040504 https://careers.google.com/ (27340 bytes)
  20181001103242 https://careers.google.com/ (27523 bytes)
  20190201001843 https://careers.google.com/ (37291 bytes)
  20190403213909 https://careers.google.com/ (37041 bytes)
  20190805111917 https://careers.google.com/ (38202 bytes)
  20191006062853 https://careers.google.com/ (38411 bytes)
  20200206221312 https://careers.google.com/ (37883 bytes)
  20200301092112 https://careers.google.com/ (37883 bytes)
  20200801154424 https://careers.google.com/ (7554 bytes)
  20201001035614 https://careers.google.com/ (8375 bytes)
  20210201135327 https://careers.google.com/ (8747 bytes)
  20210402204246 https://careers.google.com/ (8947 bytes)
  20210801103931 https://careers.google.com/ (8947 bytes)
  20211001155440 https://careers.google.com/ (9039 bytes)
  20220201010545 https://careers.google.com/ (9101 bytes)
  20220401010321 https://careers.google.com/ (9101 bytes)
  20220801193735 https://careers.google.com/ (9101 bytes)
  20221001073724 https://careers.google.com/ (9760 bytes)
  20230201032839 https://careers.google.com/ (9765 bytes)
  20230401022418 https://careers.google.com/ (9618 bytes)
  20230802004858 https://careers.google.com/ (9618 bytes)
  20231005151507 https://www.google.com/about/careers/applications/ (630599 bytes)
  20240201105418 https://www.google.com/about/careers/applications/ (765964 bytes)
  20240407023109 https://www.google.com/about/careers/applications/ (730033 bytes)
  20240803023007 https://www.google.com/about/careers/applications/ (655207 bytes)
  20241001142803 https://www.google.com/about/careers/applications/ (756634 bytes)
  20250203055711 https://www.google.com/about/careers/applications/ (656767 bytes)
  20250401103143 https://www.google.com/about/careers/applications/ (702445 bytes)
  20250801022223 https://www.google.com/about/careers/applications/ (805496 bytes)
  20251002013440 https://www.google.com/about/careers/applications/ (929202 bytes)
  20260204064426 https://careers.google.com/how-we-care-for-googlers/ (9632 bytes)
  20260405083412 https://www.google.com/about/careers/applications/ (1057442 bytes)
  20260502040922 https://www.google.com/about/careers/applications/ (1082371 bytes)
  20260601174308 https://www.google.com/about/careers/applications/ (1057435 bytes)

SPA JSON candidates found: 2275
Wrote /Users/becca/language-of-work/data/google/snapshots.json and /Users/becca/language-of-work/data/google/spotcheck_links.md
